2009.12.04 20:31 B C:\xampp\htdocs\transformacion\images\accept.gif <-- Jocadimama /public_html/transformacion/images accept.gif
2009.12.04 20:31 B C:\xampp\htdocs\transformacion\images\accept.jpg <-- Jocadimama /public_html/transformacion/images accept.jpg
2009.12.04 20:31 B C:\xampp\htdocs\transformacion\images\add_user.gif <-- Jocadimama /public_html/transformacion/images add_user.gif
2009.12.04 20:31 B C:\xampp\htdocs\transformacion\images\add_user.jpg <-- Jocadimama /public_html/transformacion/images add_user.jpg
2009.12.04 20:31 B C:\xampp\htdocs\transformacion\images\adultos.jpg <-- Jocadimama /public_html/transformacion/images adultos.jpg
2009.12.04 20:31 B C:\xampp\htdocs\transformacion\images\cake.gif <-- Jocadimama /public_html/transformacion/images cake.gif
2009.12.04 20:31 B C:\xampp\htdocs\transformacion\images\cake.jpg <-- Jocadimama /public_html/transformacion/images cake.jpg
2009.12.04 20:31 B C:\xampp\htdocs\transformacion\images\calendario.gif <-- Jocadimama /public_html/transformacion/images calendario.gif
2009.12.04 20:31 B C:\xampp\htdocs\transformacion\images\camara.gif <-- Jocadimama /public_html/transformacion/images camara.gif
2009.12.04 20:31 B C:\xampp\htdocs\transformacion\images\close.gif <-- Jocadimama /public_html/transformacion/images close.gif
2009.12.04 20:31 B C:\xampp\htdocs\transformacion\images\close_calendar.gif <-- Jocadimama /public_html/transformacion/images close_calendar.gif
2009.12.04 20:31 B C:\xampp\htdocs\transformacion\images\comcel.gif <-- Jocadimama /public_html/transformacion/images comcel.gif
2009.12.04 20:31 B C:\xampp\htdocs\transformacion\images\delete.gif <-- Jocadimama /public_html/transformacion/images delete.gif
2009.12.04 20:31 B C:\xampp\htdocs\transformacion\images\down.gif <-- Jocadimama /public_html/transformacion/images down.gif
2009.12.04 20:31 B C:\xampp\htdocs\transformacion\images\down_over.gif <-- Jocadimama /public_html/transformacion/images down_over.gif
2009.12.04 20:31 B C:\xampp\htdocs\transformacion\images\down_time.gif <-- Jocadimama /public_html/transformacion/images down_time.gif
2009.12.04 20:31 B C:\xampp\htdocs\transformacion\images\down_time_over.gif <-- Jocadimama /public_html/transformacion/images down_time_over.gif
2009.12.04 20:31 B C:\xampp\htdocs\transformacion\images\escritura.jpg <-- Jocadimama /public_html/transformacion/images escritura.jpg
2009.12.04 20:31 B C:\xampp\htdocs\transformacion\images\facebook.gif <-- Jocadimama /public_html/transformacion/images facebook.gif
2009.12.04 20:31 B C:\xampp\htdocs\transformacion\images\facebook.jpg <-- Jocadimama /public_html/transformacion/images facebook.jpg
2009.12.04 20:31 B C:\xampp\htdocs\transformacion\images\femenino.gif <-- Jocadimama /public_html/transformacion/images femenino.gif
2009.12.04 20:31 B C:\xampp\htdocs\transformacion\images\generarids.jpg <-- Jocadimama /public_html/transformacion/images generarids.jpg
2009.12.04 20:31 B C:\xampp\htdocs\transformacion\images\left1.gif <-- Jocadimama /public_html/transformacion/images left1.gif
2009.12.04 20:31 B C:\xampp\htdocs\transformacion\images\left_over.gif <-- Jocadimama /public_html/transformacion/images left_over.gif
2009.12.04 20:31 B C:\xampp\htdocs\transformacion\images\loading.gif <-- Jocadimama /public_html/transformacion/images loading.gif
2009.12.04 20:31 B C:\xampp\htdocs\transformacion\images\LogoWeb.jpg <-- Jocadimama /public_html/transformacion/images LogoWeb.jpg
2009.12.04 20:31 B C:\xampp\htdocs\transformacion\images\masculino.gif <-- Jocadimama /public_html/transformacion/images masculino.gif
2009.12.04 20:31 B C:\xampp\htdocs\transformacion\images\movistar.jpg <-- Jocadimama /public_html/transformacion/images movistar.jpg
2009.12.04 20:31 B C:\xampp\htdocs\transformacion\images\overlay.png <-- Jocadimama /public_html/transformacion/images overlay.png
2009.12.04 20:31 B C:\xampp\htdocs\transformacion\images\reset.gif <-- Jocadimama /public_html/transformacion/images reset.gif
2009.12.04 20:31 B C:\xampp\htdocs\transformacion\images\reset.jpg <-- Jocadimama /public_html/transformacion/images reset.jpg
2009.12.04 20:31 B C:\xampp\htdocs\transformacion\images\right1.gif <-- Jocadimama /public_html/transformacion/images right1.gif
2009.12.04 20:31 B C:\xampp\htdocs\transformacion\images\right_over.gif <-- Jocadimama /public_html/transformacion/images right_over.gif
2009.12.04 20:31 B C:\xampp\htdocs\transformacion\images\stats01.png <-- Jocadimama /public_html/transformacion/images stats01.png
2009.12.04 20:31 B C:\xampp\htdocs\transformacion\images\telefono.gif <-- Jocadimama /public_html/transformacion/images telefono.gif
2009.12.04 20:31 B C:\xampp\htdocs\transformacion\images\Thumbs.db <-- Jocadimama /public_html/transformacion/images Thumbs.db
2009.12.04 20:31 B C:\xampp\htdocs\transformacion\images\tigo.jpg <-- Jocadimama /public_html/transformacion/images tigo.jpg
2009.12.04 20:31 B C:\xampp\htdocs\transformacion\images\todos.gif <-- Jocadimama /public_html/transformacion/images todos.gif
2009.12.04 20:31 B C:\xampp\htdocs\transformacion\images\users.jpg <-- Jocadimama /public_html/transformacion/images users.jpg
2010.04.13 07:04 B C:\xampp\htdocs\dynamicos\images\accept.gif --> ftp.dynamicconsultants.net /public_html/SIC/images accept.gif
2010.04.13 07:04 B C:\xampp\htdocs\dynamicos\images\accept.jpg --> ftp.dynamicconsultants.net /public_html/SIC/images accept.jpg
2010.04.13 07:04 B C:\xampp\htdocs\dynamicos\images\add_user.gif --> ftp.dynamicconsultants.net /public_html/SIC/images add_user.gif
2010.04.13 07:04 B C:\xampp\htdocs\dynamicos\images\add_user.jpg --> ftp.dynamicconsultants.net /public_html/SIC/images add_user.jpg
2010.04.13 07:04 B C:\xampp\htdocs\dynamicos\images\calendario.gif --> ftp.dynamicconsultants.net /public_html/SIC/images calendario.gif
2010.04.13 07:04 B C:\xampp\htdocs\dynamicos\images\camara.gif --> ftp.dynamicconsultants.net /public_html/SIC/images camara.gif
2010.04.13 07:04 B C:\xampp\htdocs\dynamicos\images\close.gif --> ftp.dynamicconsultants.net /public_html/SIC/images close.gif
2010.04.13 07:04 B C:\xampp\htdocs\dynamicos\images\close_calendar.gif --> ftp.dynamicconsultants.net /public_html/SIC/images close_calendar.gif
2010.04.13 07:04 B C:\xampp\htdocs\dynamicos\images\comcel.gif --> ftp.dynamicconsultants.net /public_html/SIC/images comcel.gif
2010.04.13 07:04 B C:\xampp\htdocs\dynamicos\images\delete.gif --> ftp.dynamicconsultants.net /public_html/SIC/images delete.gif
2010.04.13 07:04 B C:\xampp\htdocs\dynamicos\images\down.gif --> ftp.dynamicconsultants.net /public_html/SIC/images down.gif
2010.04.13 07:04 B C:\xampp\htdocs\dynamicos\images\down_over.gif --> ftp.dynamicconsultants.net /public_html/SIC/images down_over.gif
2010.04.13 07:04 B C:\xampp\htdocs\dynamicos\images\down_time.gif --> ftp.dynamicconsultants.net /public_html/SIC/images down_time.gif
2010.04.13 07:04 B C:\xampp\htdocs\dynamicos\images\down_time_over.gif --> ftp.dynamicconsultants.net /public_html/SIC/images down_time_over.gif
2010.04.13 07:04 B C:\xampp\htdocs\dynamicos\images\femenino.gif --> ftp.dynamicconsultants.net /public_html/SIC/images femenino.gif
2010.04.13 07:04 B C:\xampp\htdocs\dynamicos\images\generarids.jpg --> ftp.dynamicconsultants.net /public_html/SIC/images generarids.jpg
2010.04.13 07:04 B C:\xampp\htdocs\dynamicos\images\left1.gif --> ftp.dynamicconsultants.net /public_html/SIC/images left1.gif
2010.04.13 07:04 B C:\xampp\htdocs\dynamicos\images\left_over.gif --> ftp.dynamicconsultants.net /public_html/SIC/images left_over.gif
2010.04.13 07:04 B C:\xampp\htdocs\dynamicos\images\loading.gif --> ftp.dynamicconsultants.net /public_html/SIC/images loading.gif
2010.04.13 07:04 B C:\xampp\htdocs\dynamicos\images\logo.jpg --> ftp.dynamicconsultants.net /public_html/SIC/images logo.jpg
2010.04.13 07:04 B C:\xampp\htdocs\dynamicos\images\LogoWeb.jpg --> ftp.dynamicconsultants.net /public_html/SIC/images LogoWeb.jpg
2010.04.13 07:04 B C:\xampp\htdocs\dynamicos\images\masculino.gif --> ftp.dynamicconsultants.net /public_html/SIC/images masculino.gif
2010.04.13 07:04 B C:\xampp\htdocs\dynamicos\images\movistar.jpg --> ftp.dynamicconsultants.net /public_html/SIC/images movistar.jpg
2010.04.13 07:04 B C:\xampp\htdocs\dynamicos\images\oracle.jpg --> ftp.dynamicconsultants.net /public_html/SIC/images oracle.jpg
2010.04.13 07:04 B C:\xampp\htdocs\dynamicos\images\overlay.png --> ftp.dynamicconsultants.net /public_html/SIC/images overlay.png
2010.04.13 07:04 B C:\xampp\htdocs\dynamicos\images\right1.gif --> ftp.dynamicconsultants.net /public_html/SIC/images right1.gif
2010.04.13 07:04 B C:\xampp\htdocs\dynamicos\images\right_over.gif --> ftp.dynamicconsultants.net /public_html/SIC/images right_over.gif
2010.04.13 07:04 B C:\xampp\htdocs\dynamicos\images\stats01.png --> ftp.dynamicconsultants.net /public_html/SIC/images stats01.png
2010.04.13 07:04 B C:\xampp\htdocs\dynamicos\images\tigo.jpg --> ftp.dynamicconsultants.net /public_html/SIC/images tigo.jpg
2010.04.13 07:04 B C:\xampp\htdocs\dynamicos\images\todos.gif --> ftp.dynamicconsultants.net /public_html/SIC/images todos.gif
2010.04.13 07:04 B C:\xampp\htdocs\dynamicos\images\users.jpg --> ftp.dynamicconsultants.net /public_html/SIC/images users.jpg
